<?xml version="1.0" encoding="UTF-8"?>
<!-- Generated by org.testng.reporters.JUnitReportReporter -->
<testsuite hostname="LAPTOP-HIBR2512" name="Jenkins1Grp.Jenkins1.Program1" tests="1" failures="0" timestamp="31 Jul 2021 08:33:45 GMT" time="0.014" errors="0">
  <testcase name="test1" time="0.014" classname="Jenkins1Grp.Jenkins1.Program1"/>
</testsuite> <!-- Jenkins1Grp.Jenkins1.Program1 -->
