<?xml version="1.0" encoding="UTF-8"?>
<!-- Generated by org.testng.reporters.JUnitReportReporter -->
<testsuite skipped="0" hostname="LAPTOP-HIBR2512" name="Jenkins1Grp.Jenkins1.Program1" tests="3" failures="0" timestamp="01 Aug 2021 04:33:48 GMT" time="0.008" errors="0">
  <testcase name="test1" time="0.008" classname="Jenkins1Grp.Jenkins1.Program1"/>
  <testcase name="test2" time="0.000" classname="Jenkins1Grp.Jenkins1.Program1"/>
  <testcase name="test3" time="0.000" classname="Jenkins1Grp.Jenkins1.Program1"/>
</testsuite> <!-- Jenkins1Grp.Jenkins1.Program1 -->
